I, [2014-07-15T16:30:58.868579 #10945]  INFO -- Kitchen: -----> Starting Kitchen (v1.2.1)
I, [2014-07-15T16:30:59.377516 #10945]  INFO -- Kitchen: -----> Creating <default-centos-65>...
I, [2014-07-15T17:02:46.373670 #10945]  INFO -- Kitchen: -----> Converging <default-centos-65>...
I, [2014-07-15T17:05:23.269960 #10945]  INFO -- Kitchen: -----> Kitchen is finished. (34m24.40s)
I, [2014-07-15T17:11:40.155337 #11239]  INFO -- Kitchen: -----> Starting Kitchen (v1.2.1)
I, [2014-07-15T17:11:40.677310 #11239]  INFO -- Kitchen: -----> Converging <default-centos-65>...
E, [2014-07-15T17:11:47.753265 #11239] ERROR -- Kitchen: Converge failed on instance <default-centos-65>.
I, [2014-07-15T17:12:33.937236 #11274]  INFO -- Kitchen: -----> Starting Kitchen (v1.2.1)
I, [2014-07-15T17:12:34.434642 #11274]  INFO -- Kitchen: -----> Converging <default-centos-65>...
I, [2014-07-15T17:13:02.819049 #11274]  INFO -- Kitchen: -----> Kitchen is finished. (0m28.88s)
I, [2014-07-15T17:21:45.881484 #11333]  INFO -- Kitchen: -----> Starting Kitchen (v1.2.1)
I, [2014-07-15T17:21:46.385578 #11333]  INFO -- Kitchen: -----> Converging <default-centos-65>...
I, [2014-07-15T17:22:10.982973 #11333]  INFO -- Kitchen: -----> Kitchen is finished. (0m25.10s)
I, [2014-07-15T18:42:53.422228 #13004]  INFO -- Kitchen: -----> Starting Kitchen (v1.2.1)
I, [2014-07-15T18:42:53.924386 #13004]  INFO -- Kitchen: -----> Destroying <default-centos-65>...
I, [2014-07-15T18:42:57.661037 #13004]  INFO -- Kitchen: -----> Kitchen is finished. (0m4.24s)
I, [2014-07-15T19:26:16.853278 #13848]  INFO -- Kitchen: -----> Starting Kitchen (v1.2.1)
I, [2014-07-15T19:26:17.359752 #13848]  INFO -- Kitchen: -----> Creating <default-centos-65>...
I, [2014-07-17T12:12:18.506192 #17570]  INFO -- Kitchen: -----> Starting Kitchen (v1.2.1)
I, [2014-07-17T12:12:19.029565 #17570]  INFO -- Kitchen: -----> Creating <default-centos-65>...
I, [2014-07-17T12:13:43.683090 #17570]  INFO -- Kitchen: -----> Converging <default-centos-65>...
I, [2014-07-17T12:14:55.835235 #17570]  INFO -- Kitchen: -----> Kitchen is finished. (2m37.33s)
I, [2014-07-17T12:15:29.852757 #17956]  INFO -- Kitchen: -----> Starting Kitchen (v1.2.1)
I, [2014-07-17T12:15:30.375300 #17956]  INFO -- Kitchen: -----> Converging <default-centos-65>...
I, [2014-07-17T12:15:40.035179 #17956]  INFO -- Kitchen: -----> Kitchen is finished. (0m10.18s)
I, [2014-07-17T12:20:23.865560 #18014]  INFO -- Kitchen: -----> Starting Kitchen (v1.2.1)
I, [2014-07-17T12:20:24.392042 #18014]  INFO -- Kitchen: -----> Converging <default-centos-65>...
I, [2014-07-17T12:20:31.505647 #18014]  INFO -- Kitchen: -----> Kitchen is finished. (0m7.64s)
